Using pre-set license
Built from '2021.3/staging' branch; Version is '2021.3.21f1 (1b156197d683) revision 1774945'; Using compiler version '192829333'; Build Type 'Release'
OS: 'Windows 11  (10.0.22621) 64bit Core' Language: 'en' Physical Memory: 32627 MB
BatchMode: 1, IsHumanControllingUs: 0, StartBugReporterOnCrash: 0, Is64bit: 1, IsPro: 1

COMMAND LINE ARGUMENTS:
C:\Program Files\Unity\Hub\Editor\2021.3.21f1\Editor\Unity.exe
-adb2
-batchMode
-noUpm
-name
AssetImportWorker0
-projectPath
C:/Users/ialre/ialreadyforgot/chess_game/chess_game_unity
-logFile
Logs/AssetImportWorker0.log
-srvPort
57816
Successfully changed project path to: C:/Users/ialre/ialreadyforgot/chess_game/chess_game_unity
C:/Users/ialre/ialreadyforgot/chess_game/chess_game_unity
[UnityMemory] Configuration Parameters - Can be set up in boot.config
    "memorysetup-bucket-allocator-granularity=16"
    "memorysetup-bucket-allocator-bucket-count=8"
    "memorysetup-bucket-allocator-block-size=33554432"
    "memorysetup-bucket-allocator-block-count=8"
    "memorysetup-main-allocator-block-size=16777216"
    "memorysetup-thread-allocator-block-size=16777216"
    "memorysetup-gfx-main-allocator-block-size=16777216"
    "memorysetup-gfx-thread-allocator-block-size=16777216"
    "memorysetup-cache-allocator-block-size=4194304"
    "memorysetup-typetree-allocator-block-size=2097152"
    "memorysetup-profiler-bucket-allocator-granularity=16"
    "memorysetup-profiler-bucket-allocator-bucket-count=8"
    "memorysetup-profiler-bucket-allocator-block-size=33554432"
    "memorysetup-profiler-bucket-allocator-block-count=8"
    "memorysetup-profiler-allocator-block-size=16777216"
    "memorysetup-profiler-editor-allocator-block-size=1048576"
    "memorysetup-temp-allocator-size-main=16777216"
    "memorysetup-job-temp-allocator-block-size=2097152"
    "memorysetup-job-temp-allocator-block-size-background=1048576"
    "memorysetup-job-temp-allocator-reduction-small-platforms=262144"
    "memorysetup-temp-allocator-size-background-worker=32768"
    "memorysetup-temp-allocator-size-job-worker=262144"
    "memorysetup-temp-allocator-size-preload-manager=33554432"
    "memorysetup-temp-allocator-size-nav-mesh-worker=65536"
    "memorysetup-temp-allocator-size-audio-worker=65536"
    "memorysetup-temp-allocator-size-cloud-worker=32768"
    "memorysetup-temp-allocator-size-gi-baking-worker=262144"
    "memorysetup-temp-allocator-size-gfx=262144"
Player connection [27344] Host "[IP] 192.168.50.140 [Port] 0 [Flags] 2 [Guid] 2933814245 [EditorId] 2933814245 [Version] 1048832 [Id] WindowsEditor(7,nowhere) [Debug] 1 [PackageName] WindowsEditor [ProjectName] Editor" joined multi-casting on [225.0.0.222:54997]...

Player connection [27344] Host "[IP] 192.168.50.140 [Port] 0 [Flags] 2 [Guid] 2933814245 [EditorId] 2933814245 [Version] 1048832 [Id] WindowsEditor(7,nowhere) [Debug] 1 [PackageName] WindowsEditor [ProjectName] Editor" joined alternative multi-casting on [225.0.0.222:34997]...

Refreshing native plugins compatible for Editor in 49.68 ms, found 4 plugins.
Preloading 0 native plugins for Editor in 0.00 ms.
Initialize engine version: 2021.3.21f1 (1b156197d683)
[Subsystems] Discovering subsystems at path C:/Program Files/Unity/Hub/Editor/2021.3.21f1/Editor/Data/Resources/UnitySubsystems
[Subsystems] Discovering subsystems at path C:/Users/ialre/ialreadyforgot/chess_game/chess_game_unity/Assets
GfxDevice: creating device client; threaded=0; jobified=0
Direct3D:
    Version:  Direct3D 11.0 [level 11.1]
    Renderer: NVIDIA GeForce RTX 3080 (ID=0x2216)
    Vendor:   NVIDIA
    VRAM:     10067 MB
    Driver:   31.0.15.3129
Initialize mono
Mono path[0] = 'C:/Program Files/Unity/Hub/Editor/2021.3.21f1/Editor/Data/Managed'
Mono path[1] = 'C:/Program Files/Unity/Hub/Editor/2021.3.21f1/Editor/Data/MonoBleedingEdge/lib/mono/unityjit-win32'
Mono config path = 'C:/Program Files/Unity/Hub/Editor/2021.3.21f1/Editor/Data/MonoBleedingEdge/etc'
Using monoOptions --debugger-agent=transport=dt_socket,embedding=1,server=y,suspend=n,address=127.0.0.1:56912
Begin MonoManager ReloadAssembly
Registering precompiled unity dll's ...
Register platform support module: C:/Program Files/Unity/Hub/Editor/2021.3.21f1/Editor/Data/PlaybackEngines/WebGLSupport/UnityEditor.WebGL.Extensions.dll
Register platform support module: C:/Program Files/Unity/Hub/Editor/2021.3.21f1/Editor/Data/PlaybackEngines/WindowsStandaloneSupport/UnityEditor.WindowsStandalone.Extensions.dll
Registered in 0.002800 seconds.
Native extension for WindowsStandalone target not found
Native extension for WebGL target not found
Refreshing native plugins compatible for Editor in 49.57 ms, found 4 plugins.
Preloading 0 native plugins for Editor in 0.00 ms.
Mono: successfully reloaded assembly
- Completed reload, in  0.371 seconds
Domain Reload Profiling:
	ReloadAssembly (371ms)
		BeginReloadAssembly (50ms)
			ExecutionOrderSort (0ms)
			DisableScriptedObjects (0ms)
			BackupInstance (0ms)
			ReleaseScriptingObjects (0ms)
			CreateAndSetChildDomain (0ms)
		EndReloadAssembly (264ms)
			LoadAssemblies (49ms)
			RebuildTransferFunctionScriptingTraits (0ms)
			SetupTypeCache (60ms)
			ReleaseScriptCaches (0ms)
			RebuildScriptCaches (17ms)
			SetupLoadedEditorAssemblies (154ms)
				LogAssemblyErrors (0ms)
				InitializePlatformSupportModulesInManaged (5ms)
				SetLoadedEditorAssemblies (0ms)
				RefreshPlugins (50ms)
				BeforeProcessingInitializeOnLoad (1ms)
				ProcessInitializeOnLoadAttributes (72ms)
				ProcessInitializeOnLoadMethodAttributes (26ms)
				AfterProcessingInitializeOnLoad (0ms)
				EditorAssembliesLoaded (0ms)
			ExecutionOrderSort2 (0ms)
			AwakeInstancesAfterBackupRestoration (0ms)
Platform modules already initialized, skipping
Registering precompiled user dll's ...
Registered in 0.003004 seconds.
Begin MonoManager ReloadAssembly
Symbol file LoadedFromMemory doesn't match image C:\Users\ialre\ialreadyforgot\chess_game\chess_game_unity\Library\PackageCache\com.unity.visualscripting@1.8.0\Editor\VisualScripting.Core\Dependencies\YamlDotNet\Unity.VisualScripting.YamlDotNet.dll
Symbol file LoadedFromMemory doesn't match image C:\Users\ialre\ialreadyforgot\chess_game\chess_game_unity\Library\PackageCache\com.unity.visualscripting@1.8.0\Editor\VisualScripting.Core\Dependencies\DotNetZip\Unity.VisualScripting.IonicZip.dll
Native extension for WindowsStandalone target not found
Native extension for WebGL target not found
Refreshing native plugins compatible for Editor in 49.02 ms, found 4 plugins.
Preloading 0 native plugins for Editor in 0.00 ms.
Mono: successfully reloaded assembly
- Completed reload, in  0.648 seconds
Domain Reload Profiling:
	ReloadAssembly (648ms)
		BeginReloadAssembly (73ms)
			ExecutionOrderSort (0ms)
			DisableScriptedObjects (3ms)
			BackupInstance (0ms)
			ReleaseScriptingObjects (0ms)
			CreateAndSetChildDomain (13ms)
		EndReloadAssembly (508ms)
			LoadAssemblies (53ms)
			RebuildTransferFunctionScriptingTraits (0ms)
			SetupTypeCache (136ms)
			ReleaseScriptCaches (0ms)
			RebuildScriptCaches (36ms)
			SetupLoadedEditorAssemblies (260ms)
				LogAssemblyErrors (0ms)
				InitializePlatformSupportModulesInManaged (3ms)
				SetLoadedEditorAssemblies (0ms)
				RefreshPlugins (49ms)
				BeforeProcessingInitializeOnLoad (53ms)
				ProcessInitializeOnLoadAttributes (131ms)
				ProcessInitializeOnLoadMethodAttributes (22ms)
				AfterProcessingInitializeOnLoad (3ms)
				EditorAssembliesLoaded (0ms)
			ExecutionOrderSort2 (0ms)
			AwakeInstancesAfterBackupRestoration (4ms)
Platform modules already initialized, skipping
========================================================================
Worker process is ready to serve import requests
Launched and connected shader compiler UnityShaderCompiler.exe after 0.03 seconds
Refreshing native plugins compatible for Editor in 0.43 ms, found 4 plugins.
Preloading 0 native plugins for Editor in 0.00 ms.
Unloading 3738 Unused Serialized files (Serialized files now loaded: 0)
Unloading 41 unused Assets / (229.5 KB). Loaded Objects now: 4191.
Memory consumption went from 142.8 MB to 142.6 MB.
Total: 2.069500 ms (FindLiveObjects: 0.181500 ms CreateObjectMapping: 0.079100 ms MarkObjects: 1.704200 ms  DeleteObjects: 0.103800 ms)

AssetImportParameters requested are different than current active one (requested -> active):
  custom:video-decoder-ogg-theora: a1e56fd34408186e4bbccfd4996cb3dc -> 
  custom:container-muxer-webm: aa71ff27fc2769a1b78a27578f13a17b -> 
  custom:container-demuxer-webm: 4f35f7cbe854078d1ac9338744f61a02 -> 
  custom:video-encoder-webm-vp8: eb34c28f22e8b96e1ab97ce403110664 -> 
  custom:audio-encoder-webm-vorbis: bf7c407c2cedff20999df2af8eb42d56 -> 
  custom:framework-win-MediaFoundation: 216162199b28c13a410421893ffa2e32 -> 
  custom:container-demuxer-ogg: 62fdf1f143b41e24485cea50d1cbac27 -> 
  custom:video-decoder-webm-vp8: 9c59270c3fd7afecdb556c50c9e8de78 -> 
  custom:audio-decoder-ogg-vorbis: bf7c407c2cedff20999df2af8eb42d56 -> 
========================================================================
Received Import Request.
  Time since last request: 30339.415253 seconds.
  path: Assets/Objects/chessPiece.prefab
  artifactKey: Guid(95310781a1c65d54c8750d372c783250) Importer(815301076,1909f56bfc062723c751e8b465ee728b)
Start importing Assets/Objects/chessPiece.prefab using Guid(95310781a1c65d54c8750d372c783250) Importer(815301076,1909f56bfc062723c751e8b465ee728b)  -> (artifact id: '1c0c2ef151db1e3be8a166c37a77e990') in 0.071366 seconds 
========================================================================
Received Import Request.
  Time since last request: 0.000018 seconds.
  path: Assets/Scenes/game.unity
  artifactKey: Guid(2cda990e2423bbf4892e6590ba056729) Importer(815301076,1909f56bfc062723c751e8b465ee728b)
Start importing Assets/Scenes/game.unity using Guid(2cda990e2423bbf4892e6590ba056729) Importer(815301076,1909f56bfc062723c751e8b465ee728b)  -> (artifact id: 'ffb2b02f59c034d0f39dc1bd871aa887') in 0.005241 seconds 
========================================================================
Received Import Request.
  Time since last request: 638.518865 seconds.
  path: Assets/Scripts/Game.cs
  artifactKey: Guid(972bcf44495642447b12bedb3ca2122a) Importer(815301076,1909f56bfc062723c751e8b465ee728b)
Start importing Assets/Scripts/Game.cs using Guid(972bcf44495642447b12bedb3ca2122a) Importer(815301076,1909f56bfc062723c751e8b465ee728b)  -> (artifact id: 'a7ca82ce72dd44ea280c9e9b5530b2ba') in 0.007989 seconds 
========================================================================
Received Import Request.
  Time since last request: 644.414903 seconds.
  path: Assets/Scripts/Game.cs
  artifactKey: Guid(972bcf44495642447b12bedb3ca2122a) Importer(815301076,1909f56bfc062723c751e8b465ee728b)
Start importing Assets/Scripts/Game.cs using Guid(972bcf44495642447b12bedb3ca2122a) Importer(815301076,1909f56bfc062723c751e8b465ee728b)  -> (artifact id: 'db2987394db9f1922ed099ce5c33b518') in 0.002033 seconds 
========================================================================
Received Import Request.
  Time since last request: 24.362354 seconds.
  path: Assets/Scripts/Game.cs
  artifactKey: Guid(972bcf44495642447b12bedb3ca2122a) Importer(815301076,1909f56bfc062723c751e8b465ee728b)
Start importing Assets/Scripts/Game.cs using Guid(972bcf44495642447b12bedb3ca2122a) Importer(815301076,1909f56bfc062723c751e8b465ee728b)  -> (artifact id: '558fe96f16f608ba54292e1fb942033d') in 0.001850 seconds 
========================================================================
Received Import Request.
  Time since last request: 24.283273 seconds.
  path: Assets/Scripts/Game.cs
  artifactKey: Guid(972bcf44495642447b12bedb3ca2122a) Importer(815301076,1909f56bfc062723c751e8b465ee728b)
Start importing Assets/Scripts/Game.cs using Guid(972bcf44495642447b12bedb3ca2122a) Importer(815301076,1909f56bfc062723c751e8b465ee728b)  -> (artifact id: '64c1852644a626f204b8e4c8d68103d0') in 0.001366 seconds 
========================================================================
Received Import Request.
  Time since last request: 34.835395 seconds.
  path: Assets/Scripts/Game.cs
  artifactKey: Guid(972bcf44495642447b12bedb3ca2122a) Importer(815301076,1909f56bfc062723c751e8b465ee728b)
Start importing Assets/Scripts/Game.cs using Guid(972bcf44495642447b12bedb3ca2122a) Importer(815301076,1909f56bfc062723c751e8b465ee728b)  -> (artifact id: '729b07a2943208a81a8bce02e2c91c40') in 0.001577 seconds 
========================================================================
Received Import Request.
  Time since last request: 35.877788 seconds.
  path: Assets/Objects/chessPiece.prefab
  artifactKey: Guid(95310781a1c65d54c8750d372c783250) Importer(815301076,1909f56bfc062723c751e8b465ee728b)
Start importing Assets/Objects/chessPiece.prefab using Guid(95310781a1c65d54c8750d372c783250) Importer(815301076,1909f56bfc062723c751e8b465ee728b)  -> (artifact id: '73a6f4e52c28bc4a8380a762357fd2aa') in 0.009265 seconds 
========================================================================
Received Import Request.
  Time since last request: 476.359185 seconds.
  path: Assets/Scripts/Chessman.cs
  artifactKey: Guid(e7e14ec1274f33e428ddf597f8825f3f) Importer(815301076,1909f56bfc062723c751e8b465ee728b)
Start importing Assets/Scripts/Chessman.cs using Guid(e7e14ec1274f33e428ddf597f8825f3f) Importer(815301076,1909f56bfc062723c751e8b465ee728b)  -> (artifact id: 'cdd6014350d3c8f9a2dcc36cf0e08670') in 0.005153 seconds 
========================================================================
Received Import Request.
  Time since last request: 1.430704 seconds.
  path: Assets/Scripts/Game.cs
  artifactKey: Guid(972bcf44495642447b12bedb3ca2122a) Importer(815301076,1909f56bfc062723c751e8b465ee728b)
Start importing Assets/Scripts/Game.cs using Guid(972bcf44495642447b12bedb3ca2122a) Importer(815301076,1909f56bfc062723c751e8b465ee728b)  -> (artifact id: 'c3e35c43cad8b94df323441ed95e10b4') in 0.004883 seconds 
========================================================================
Received Import Request.
  Time since last request: 517.161067 seconds.
  path: Assets/Objects/chessPiece.prefab
  artifactKey: Guid(95310781a1c65d54c8750d372c783250) Importer(815301076,1909f56bfc062723c751e8b465ee728b)
Start importing Assets/Objects/chessPiece.prefab using Guid(95310781a1c65d54c8750d372c783250) Importer(815301076,1909f56bfc062723c751e8b465ee728b)  -> (artifact id: '6ea80dd1b07d6f9b20e86c6791163f8f') in 0.008095 seconds 
========================================================================
Received Import Request.
  Time since last request: 145.079269 seconds.
  path: Assets/Scenes/game.unity
  artifactKey: Guid(2cda990e2423bbf4892e6590ba056729) Importer(815301076,1909f56bfc062723c751e8b465ee728b)
Start importing Assets/Scenes/game.unity using Guid(2cda990e2423bbf4892e6590ba056729) Importer(815301076,1909f56bfc062723c751e8b465ee728b)  -> (artifact id: 'ec2537cc9e745b1adb15d348a686a665') in 0.001910 seconds 
